C51 COMPILER V9.53.0.0   MAIN                                                              06/12/2015 17:37:36 PAGE 1   


C51 COMPILER V9.53.0.0, COMPILATION OF MODULE MAIN
OBJECT MODULE PLACED IN .\obj\main.obj
COMPILER INVOKED BY: d:\Keil_v5\C51\BIN\C51.EXE USER\main.c LARGE BROWSE INCDIR(.\font;.\LCD;.\sys;.\touch;.\GUI;.\USER)
                    - DEBUG OBJECTEXTEND PRINT(.\main.lst) TABS(2) OBJECT(.\obj\main.obj)

line level    source

   1          #include "sys.h"
   2          #include "lcd.h"
   3          
   4          //////////////////////////////////////////////////////////////////////////////////   
   5          //本程序只供学习使用，未经作者许可，不得用于其它任何用途
   6          //测试硬件：单片机STC12LE5A60S2,晶振30M  单片机工作电压3.3V
   7          //QDtech-TFT液晶驱动 for C51
   8          //xiao冯@ShenZhen QDtech co.,LTD
   9          //公司网站:www.qdtech.net
  10          //淘宝网站：http://qdtech.taobao.com
  11          //我司提供技术支持，任何技术问题欢迎随时交流学习
  12          //固话(传真) :+86 0755-23594567 
  13          //手机:15989313508（冯工） 
  14          //邮箱:QDtech2008@gmail.com 
  15          //Skype:QDtech2008
  16          //技术交流QQ群:324828016
  17          //创建日期:2013/5/13
  18          //版本：V1.1
  19          //版权所有，盗版必究。
  20          //Copyright(C) 深圳市全动电子技术有限公司 2009-2019
  21          //All rights reserved
  22          //********************************************************************************
  23          
  24          /**************************************************************************************
  25          //=======================================液晶屏数据线接线==========================================//
  26          //P2组高8位数据口,DB8-DB15依次连接P2^0-P2^7;8位模式下只使用高8位
  27          #define  LCD_DataPortH P2 
  28          //P0组低8位数据口,DB0-DB7依次连接P0^0-P0^7;请确认P0口已经上拉10K电阻,不宜太小，最小4.7K,推荐10K.    
  29          #define  LCD_DataPortL P0     
  30          //=======================================液晶屏控制线接线==========================================//
  31          CS=P1^3;    //片选  
  32          RS=P1^2;      //数据/命令切换
  33          WR=P1^1;    //写控制
  34          RD=P1^0;    //读控制
  35          RESET=P3^3;   //复位 
  36          LCD_BL=P3^2;  //背光控制
  37          //=========================================触摸屏触接线=========================================//
  38          //不使用触摸或者模块本身不带触摸，则可不连接
  39          DCLK    =    P3^6; //触摸屏SPI总线时钟信号接P3.6  
  40          TCS       =    P3^7; //触摸片选TCS接P3.7
  41          DIN       =    P3^4; //MOSI接P3.4 
  42          DOUT      =    P3^5; //MISO接P3.5                                              
  43          Penirq    =    P4^0; //PEN引脚接P4.0，如单片机无P4组，请自行更改其他可用IO并修改代码定义
  44          **************************************************************************************************/ 
  45          
  46          //STC单片机IO推挽输出设置定义
  47          //其他普通C51单片机无此配置请屏蔽下面这条语句
  48          sfr P3M1  = 0xB1; //P3M1.n,P3M0.n   =00--->Standard,  01--->push-pull
  49          sfr P3M0  = 0xB2; //          =10--->pure input,  11--->open drain
  50          
  51          //主函数
  52          void main(void)
  53          { 
  54   1      
C51 COMPILER V9.53.0.0   MAIN                                                              06/12/2015 17:37:36 PAGE 2   

  55   1        //设置STC_12LE5A60S2单片机的P3.2为推挽输出，用于控制背光亮灭
  56   1        //其他普通C51单片机无此配置请屏蔽下面这条语句
  57   1        P3M1 &= ~(1<<2),P3M0 |=  (1<<2); 
  58   1      
  59   1        //液晶屏初始化
  60   1        LCD_Init();
  61   1      
  62   1        //循环进行各项测试  
  63   1        while(1)
  64   1        { 
  65   2          LCD_Clear(RED);delay_ms(1000);  delay_ms(1000); 
  66   2          LCD_Clear(GREEN);delay_ms(1000);  delay_ms(1000); 
  67   2          LCD_Clear(BLUE);delay_ms(1000); delay_ms(1000); 
  68   2        }   
  69   1      }


MODULE INFORMATION:   STATIC OVERLAYABLE
   CODE SIZE        =     74    ----
   CONSTANT SIZE    =   ----    ----
   XDATA SIZE       =   ----    ----
   PDATA SIZE       =   ----    ----
   DATA SIZE        =   ----    ----
   IDATA SIZE       =   ----    ----
   BIT SIZE         =   ----    ----
END OF MODULE INFORMATION.


C51 COMPILATION COMPLETE.  0 WARNING(S),  0 ERROR(S)
